<?xml version="1.0" encoding="UTF-8"?>
<!-- Generated by org.testng.reporters.JUnitReportReporter -->
<testsuite hostname="NanthuVT" failures="0" tests="1" name="E2ETesting.EcomerceApp.EcomerceAppTC3" time="7.625" errors="0" timestamp="2024-06-10T22:59:54 IST" skipped="0">
  <testcase classname="E2ETesting.EcomerceApp.EcomerceAppTC3" name="EcomerceAppPositive" time="7.625"/>
</testsuite> <!-- E2ETesting.EcomerceApp.EcomerceAppTC3 -->
