<?xml version="1.0" encoding="UTF-8"?>
<!-- Generated by org.testng.reporters.JUnitReportReporter -->
<testsuite hostname="NanthuVT" failures="0" tests="1" name="E2ETesting.EcomerceApp.EcomerceAppTC2" time="2.946" errors="0" timestamp="2024-06-10T22:59:54 IST" skipped="0">
  <testcase classname="E2ETesting.EcomerceApp.EcomerceAppTC2" name="EcomerceAppNegative" time="2.946"/>
</testsuite> <!-- E2ETesting.EcomerceApp.EcomerceAppTC2 -->
