<?xml version="1.0" encoding="UTF-8"?>
<!-- Generated by org.testng.reporters.JUnitReportReporter -->
<testsuite hostname="ZC025-A51E-1491" name="day2" tests="1" failures="0" timestamp="6 May 2024 13:12:37 GMT" time="0.006" errors="0">
  <testcase name="JelsyFirst" time="0.006" classname="day2"/>
</testsuite> <!-- day2 -->
