<?xml version="1.0" encoding="UTF-8"?>
<!-- Generated by org.testng.reporters.JUnitReportReporter -->
<testsuite hostname="ZC025-A51E-1491" name="TestNGSample" tests="2" failures="0" timestamp="15 May 2024 06:26:09 GMT" time="0.010" errors="0">
  <testcase name="TestNG1" time="0.010" classname="TestNGSample"/>
  <testcase name="TestNG2" time="0.000" classname="TestNGSample"/>
</testsuite> <!-- TestNGSample -->
