<?xml version="1.0" encoding="UTF-8"?>
<!-- Generated by org.testng.reporters.JUnitReportReporter -->
<testsuite hostname="NanthuVT" failures="0" tests="2" name="E2ETesting.EcomerceApp.EcomerceApp" time="12.853" errors="0" timestamp="2024-06-10T22:59:54 IST" skipped="0">
  <testcase classname="E2ETesting.EcomerceApp.EcomerceApp" name="EcomerceAppPositive" time="6.533"/>
  <testcase classname="E2ETesting.EcomerceApp.EcomerceApp" name="EcomerceAppPositive" time="6.320"/>
</testsuite> <!-- E2ETesting.EcomerceApp.EcomerceApp -->
