<?xml version="1.0" encoding="UTF-8"?>
<!-- Generated by org.testng.reporters.JUnitReportReporter -->
<testsuite hostname="NanthuVT" failures="0" tests="2" name="E2ETesting.EcomerceApp.EcomerceApp" time="14.314" errors="0" timestamp="2024-06-11T01:03:33 IST" skipped="0">
  <testcase classname="E2ETesting.EcomerceApp.EcomerceApp" name="EcomerceAppPositive" time="6.685"/>
  <testcase classname="E2ETesting.EcomerceApp.EcomerceApp" name="EcomerceAppPositive" time="7.629"/>
</testsuite> <!-- E2ETesting.EcomerceApp.EcomerceApp -->
